<?xml version="1.0" encoding="UTF-8"?>
<testng-results ignored="0" total="2" passed="2" failed="0" skipped="0">
  <reporter-output>
  </reporter-output>
  <suite started-at="2023-12-28T12:47:52 IST" name="Default suite" finished-at="2023-12-28T12:48:06 IST" duration-ms="14942">
    <groups>
    </groups>
    <test started-at="2023-12-28T12:47:52 IST" name="Default test" finished-at="2023-12-28T12:48:06 IST" duration-ms="14942">
      <class name="com.videostori.testcases.TC04_importVideo">
        <test-method is-config="true" signature="setup()[pri:0, instance:com.videostori.testcases.TC04_importVideo@7ef82753]" started-at="2023-12-28T12:47:52 IST" name="setup" finished-at="2023-12-28T12:47:55 IST" duration-ms="3550" status="PASS">
          <reporter-output>
          </reporter-output>
        </test-method> <!-- setup -->
        <test-method signature="LogInTest()[pri:0, instance:com.videostori.testcases.TC04_importVideo@7ef82753]" started-at="2023-12-28T12:47:55 IST" name="LogInTest" finished-at="2023-12-28T12:48:02 IST" duration-ms="6685" status="PASS">
          <reporter-output>
          </reporter-output>
        </test-method> <!-- LogInTest -->
        <test-method signature="TC04_importVideo()[pri:0, instance:com.videostori.testcases.TC04_importVideo@7ef82753]" started-at="2023-12-28T12:48:02 IST" name="TC04_importVideo" finished-at="2023-12-28T12:48:06 IST" duration-ms="4259" status="PASS">
          <reporter-output>
          </reporter-output>
        </test-method> <!-- TC04_importVideo -->
        <test-method is-config="true" signature="tearDown()[pri:0, instance:com.videostori.testcases.TC04_importVideo@7ef82753]" started-at="2023-12-28T12:48:06 IST" name="tearDown" finished-at="2023-12-28T12:48:06 IST" duration-ms="355" status="PASS">
          <reporter-output>
          </reporter-output>
        </test-method> <!-- tearDown -->
      </class> <!-- com.videostori.testcases.TC04_importVideo -->
    </test> <!-- Default test -->
  </suite> <!-- Default suite -->
</testng-results>
